
Selecting FBConfig
GLX_FBCONFIG_ID=104
GLX_BUFFER_SIZE=32
GLX_DOUBLEBUFFER=1
GLX_RED_SIZE=8
GLX_GREEN_SIZE=8
GLX_BLUE_SIZE=8
GLX_ALPHA_SIZE=8
GLX_DEPTH_SIZE=24
GLX_STENCIL_SIZE=8
GLX_SAMPLES_ARB=0
GLX_SAMPLE_BUFFERS_ARB=0
GLX_STEREO=0
GLX_CONFIG_CAVEAT=NONE

Desktop is 1600 x 900 @ 60 Hz
XError: GLXBadFBConfig (error 181, opcode 156/34, serial 63, XID 05000002, display 0x4453800
XError: GLXBadFBConfig (error 181, opcode 156/34, serial 66, XID 05000002, display 0x4453800
XError: GLXBadFBConfig (error 181, opcode 156/34, serial 69, XID 05000002, display 0x4453800
Initialize engine version: 5.3.6f1 (29055738eb78)
GfxDevice: creating device client; threaded=1
GLX Extensions: GLX_ARB_create_context GLX_ARB_create_context_profile GLX_ARB_create_context_robustness GLX_ARB_fbconfig_float GLX_ARB_framebuffer_sRGB GLX_ARB_get_proc_address GLX_ARB_multisample GLX_EXT_buffer_age GLX_EXT_create_context_es2_profile GLX_EXT_create_context_es_profile GLX_EXT_fbconfig_packed_float GLX_EXT_framebuffer_sRGB GLX_EXT_import_context GLX_EXT_texture_from_pixmap GLX_EXT_visual_info GLX_EXT_visual_rating GLX_INTEL_swap_event GLX_MESA_copy_sub_buffer GLX_MESA_multithread_makecurrent GLX_MESA_query_renderer GLX_MESA_swap_control GLX_OML_swap_method GLX_OML_sync_control GLX_SGIS_multisample GLX_SGIX_fbconfig GLX_SGIX_pbuffer GLX_SGIX_visual_select_group GLX_SGI_make_current_read GLX_SGI_swap_control GLX_SGI_video_sync 
Setting maxVSy[xcb] Unknown sequence number while processing queue
[xcb] Most likely this is a multi-threaded client and XInitThreads has not been called
[xcb] Aborting, sorry about that.
adventure-capitalist.x86_64: xcb_io.c:259: poll_for_event: Assertion `!xcb_xlib_threads_sequence_lost' failed.
Preloaded type GtkListStore
Preloaded type GtkWindow
Preloaded type GtkVBox
Preloaded type GtkImage
Preloaded type GtkNotebook
Preloaded type GtkHBox
Preloaded type GtkFrame
Preloaded type GtkAlignment
Preloaded type GtkTreeView
Preloaded type GtkLabel
Preloaded type GtkCheckButton
Preloaded type GtkScrolledWindow
Preloaded type GtkComboBox
Couldn't find OnScreenSelectorQuit in main module; checking child
Couldn't find OnScreenSelectorOK in main module; checking child
Couldn't find OnScreenSelectorQuit in main module; checking child
Couldn't find OnInputListRowActivated in main module; checking child
Stacktrace:


Native stacktrace:

	/home/putki/.local/share/Steam/steamapps/common/AdVenture Capitalist/adventure-capitalist_Data/Mono/x86_64/libmono.so(+0x91772) [0x7f5a5f365772]
	/usr/lib/libpthread.so.0(+0x11da0) [0x7f5a62f9cda0]
	/usr/lib/libc.so.6(gsignal+0x110) [0x7f5a61cd4860]
	/usr/lib/libc.so.6(abort+0x1c9) [0x7f5a61cd5ec9]
	/usr/lib/libc.so.6(+0x2d0bc) [0x7f5a61ccd0bc]
	/usr/lib/libc.so.6(+0x2d133) [0x7f5a61ccd133]
	/usr/lib/libX11.so.6(+0x41c3a) [0x7f5a627fac3a]
	/usr/lib/libX11.so.6(+0x41ceb) [0x7f5a627faceb]
	/usr/lib/libX11.so.6(_XEventsQueued+0x5d) [0x7f5a627fafdd]
	/usr/lib/libX11.so.6(_XGetRequest+0x55) [0x7f5a627fde25]
	/usr/lib/libX11.so.6(+0x44f3f) [0x7f5a627fdf3f]
	/usr/lib/libX11.so.6(_XError+0x133) [0x7f5a627fd703]
	/usr/lib/libGLX_mesa.so.0(+0x1c8d3) [0x7f5a4fda98d3]
	/usr/lib/libGLX_mesa.so.0(+0x18997) [0x7f5a4fda5997]
	/usr/lib/libGLX_mesa.so.0(+0x4a848) [0x7f5a4fdd7848]
	/home/putki/.local/share/Steam/steamapps/common/AdVenture Capitalist/adventure-capitalist.x86_64() [0xea737f]
	/home/putki/.local/share/Steam/steamapps/common/AdVenture Capitalist/adventure-capitalist.x86_64() [0xea8062]
	/home/putki/.local/share/Steam/steamapps/common/AdVenture Capitalist/adventure-capitalist.x86_64() [0x4654a4]
	/usr/lib/libc.so.6(__libc_start_main+0xea) [0x7f5a61cc0f4a]
	/home/putki/.local/share/Steam/steamapps/common/AdVenture Capitalist/adventure-capitalist.x86_64() [0x46e9d9]

Debug info from gdb:

ERROR: ld.so: object '/home/putki/.local/share/Steam/ubuntu12_32/gameoverlayrenderer.so' from LD_PRELOAD cannot be preloaded (wrong ELF class: ELFCLASS32): ignored.
I refuse to debug myself!
No threads.

=================================================================
Got a SIGABRT while executing native code. This usually indicates
a fatal error in the mono runtime or one of the native libraries 
used by your application.
=================================================================

B_texture_filter_anisotropic GL_ARB_texture_float GL_ARB_texture_gather GL_ARB_texture_mirror_clamp_to_edge GL_ARB_texture_multisample GL_ARB_texture_non_power_of_two GL_ARB_texture_query_levels GL_ARB_texture_query_lod GL_ARB_texture_rectangle GL_ARB_texture_rg GL_ARB_texture_rgb10_a2ui GL_ARB_texture_storage GL_ARB_texture_storage_multisample GL_ARB_texture_swizzle GL_ARB_texture_view GL_ARB_timer_que
ry GL_ARB_transform_feedback2 GL_ARB_transform_feedback3 GL_ARB_transform_feedback_instanced GL_ARB_transform_feedback_overflow_query GL_ARB_uniform_buffer_object GL_ARB_vertex_array_bgra GL_ARB_vertex_array_object GL_ARB_vertex_attrib_64bit GL_ARB_vertex_attrib_binding GL_ARB_vertex_shader GL_ARB_vertex_type_10f_11f_11f_rev GL_ARB_vertex_type_2_10_10_10_rev GL_ARB_viewport_array GL_ATI_blend_equation_separate GL_ATI_texture_float GL_EXT_abgr GL_EXT_blend_equation_separate GL_EXT_draw_buffers2 GL_EXT_draw_instanced GL_EXT_framebuffer_blit GL_EXT_framebuffer_multisample GL_EXT_framebuffer_multisample_blit_scaled GL_EXT_framebuffer_sRGB GL_EXT_packed_depth_stencil GL_EXT_packed_float GL_EXT_pixel_buffer_object GL_EXT_polygon_offset_clamp GL_EXT_provoking_vertex GL_EXT_shader_integer_mix GL_EXT_shader_samples_identical GL_EXT_texture_array GL_EXT_texture_compression_dxt1 GL_EXT_texture_compression_rgtc GL_EXT_texture_compression_s3tc GL_EXT_texture_filter_anisotropic GL_EXT_texture_integer GL_EXT_texture_sRGB G
L_EXT_texture_sRGB_decode GL_EXT_texture_shared_exponent GL_EXT_texture_snorm GL_EXT_texture_swizzle GL_EXT_timer_query GL_EXT_transform_feedback GL_EXT_vertex_array_bgra GL_IBM_multimode_draw_arrays GL_INTEL_performance_query GL_KHR_blend_equation_advanced GL_KHR_context_flush_control GL_KHR_debug GL_KHR_no_error GL_KHR_robustness GL_MESA_pack_invert GL_MESA_shader_integer_functions GL_MESA_texture_signed_rgba GL_NV_conditional_render GL_NV_depth_clamp GL_NV_packed_depth_stencil GL_NV_texture_barrier GL_OES_EGL_image GL_S3_s3tc
OPENGL LOG: Creating OpenGL 4.2 graphics device
AudioManager: Using PulseAudio: Default Output Device
Begin MonoManager ReloadAssembly
Platform assembly: /home/putki/.local/share/Steam/steamapps/common/AdVenture Capitalist/adventure-capitalist_Data/Managed/UnityEngine.dll (this message is harmless)
Loading /home/putki/.local/share/Steam/steamapps/common/AdVenture Capitalist/adventure-capitalist_Data/Managed/UnityEngine.dll into Unity Child Domain
Platform assembly: /home/putki/.local/share/Steam/steamapps/common/AdVenture Capitalist/adventure-capitalist_Data/Managed/Assembly-CSharp-firstpass.dll (this message is harmless)
Loading /home/putki/.local/share/Steam/steamapps/common/AdVenture Capitalist/adventure-capitalist_Data/Managed/Assembly-CSharp-firstpass.dll into Unity Child Domain
Platform assembly: /home/putki/.local/share/Steam/steamapps/common/AdVenture Capitalist/adventure-capitalist_Data/Managed/Assembly-CSharp.dll (this message is harmless)
Loading /home/putki/.local/share/Steam/steamapps/common/AdVenture Capitalist/adventure-capitalist_Data/Managed/Assembly-CSharp.dll into Unity Child Domain
Platform assembly: /home/putki/.local/share/Steam/steamapps/common/AdVenture Capitalist/adventure-capitalist_Data/Managed/UnityEngine.UI.dll (this message is harmless)
Loading /home/putki/.local/share/Steam/steamapps/common/AdVenture Capitalist/adventure-capitalist_Data/Managed/UnityEngine.UI.dll into Unity Child Domain
Platform assembly: /home/putki/.local/share/Steam/steamapps/common/AdVenture Capitalist/adventure-capitalist_Data/Managed/UnityEngine.Networking.dll (this message is harmless)
Loading /home/putki/.local/share/Steam/steamapps/common/AdVenture Capitalist/adventure-capitalist_Data/Managed/UnityEngine.Networking.dll into Unity Child Domain
Platform assembly: /home/putki/.local/share/Steam/steamapps/common/AdVenture Capitalist/adventure-capitalist_Data/Managed/IFacebook.dll (this message is harmless)
Loading /home/putki/.local/share/Steam/steamapps/common/AdVenture Capitalist/adventure-capitalist_Data/Managed/IFacebook.dll into Unity Child Domain
Platform assembly: /home/putki/.local/share/Steam/steamapps/common/AdVenture Capitalist/adventure-capitalist_Data/Managed/GameAnalytics.dll (this message is harmless)
Loading /home/putki/.local/share/Steam/steamapps/common/AdVenture Capitalist/adventure-capitalist_Data/Managed/GameAnalytics.dll into Unity Child Domain
Platform assembly: /home/putki/.local/share/Steam/steamapps/common/AdVenture Capitalist/adventure-capitalist_Data/Managed/LitJson.dll (this message is harmless)
Loading /home/putki/.local/share/Steam/steamapps/common/AdVenture Capitalist/adventure-capitalist_Data/Managed/LitJson.dll into Unity Child Domain
Platform assembly: /home/putki/.local/share/Steam/steamapps/common/AdVenture Capitalist/adventure-capitalist_Data/Managed/P31RestKit.dll (this message is harmless)
Loading /home/putki/.local/share/Steam/steamapps/common/AdVenture Capitalist/adventure-capitalist_Data/Managed/P31RestKit.dll into Unity Child Domain
Platform assembly: /home/putki/.local/share/Steam/steamapps/common/AdVenture Capitalist/adventure-capitalist_Data/Managed/Unity.iOS.Extensions.Xcode.dll (this message is harmless)
Loading /home/putki/.local/share/Steam/steamapps/common/AdVenture Capitalist/adventure-capitalist_Data/Managed/Unity.iOS.Extensions.Xcode.dll into Unity Child Domain
Platform assembly: /home/putki/.local/share/Steam/steamapps/common/AdVenture Capitalist/adventure-capitalist_Data/Managed/KongregateAPI.dll (this message is harmless)
Loading /home/putki/.local/share/Steam/steamapps/common/AdVenture Capitalist/adventure-capitalist_Data/Managed/KongregateAPI.dll into Unity Child Domain
- Completed reload, in  0.047 seconds
Platform assembly: /home/putki/.local/share/Steam/steamapps/common/AdVenture Capitalist/adventure-capitalist_Data/Managed/System.Core.dll (this message is harmless)
Platform assembly: /home/putki/.local/share/Steam/steamapps/common/AdVenture Capitalist/adventure-capitalist_Data/Managed/System.dll (this message is harmless)
XError: BadMatch (invalid parameter attributes) (error 8, opcode 156/34, serial 81, XID 0500000b, display 0x4453800
