VirtualBox XPCOM Server 5.2.8 r120774 linux.amd64 (Feb 28 2018 07:46:09) release log
00:00:00.019640 main     Log opened 2018-04-09T15:03:29.592961000Z
00:00:00.019642 main     Build Type: release
00:00:00.019645 main     OS Product: Linux
00:00:00.019646 main     OS Release: 4.14.30-1-lts
00:00:00.019647 main     OS Version: #1 SMP Sun Mar 25 12:11:30 CEST 2018
00:00:00.019686 main     DMI Product Name: Lenovo G780
00:00:00.019703 main     DMI Product Version: Lenovo G780
00:00:00.019755 main     Host RAM: 7882MB (7.6GB) total, 6478MB (6.3GB) available
00:00:00.019759 main     Executable: /usr/lib/virtualbox/VBoxSVC
00:00:00.019760 main     Process ID: 362
00:00:00.019760 main     Package type: LINUX_64BITS_GENERIC (OSE)
00:00:00.021694 main     IPC socket path: /tmp/.vbox-putki-ipc/ipcd
00:00:00.149169 nspr-2   VirtualBox: object creation starts
00:00:00.163224 nspr-2   Home directory: '/home/putki/.config/VirtualBox'
00:00:00.175369 nspr-2   Loading settings file "/home/putki/.config/VirtualBox/VirtualBox.xml" with version "1.12-linux"
00:00:00.297836 nspr-2   NetIfAdpCtlOut: VBoxNetAdpCtl: Error while retrieving link speed for usb0: VBoxNetAdpCtl: ioctl failed: Operation not supported
00:00:00.308507 nspr-2   NAT: resolv.conf: nameserver 192.168.42.129
00:00:00.308552 nspr-2   HostDnsMonitor: old information
00:00:00.308558 nspr-2     no server entries
00:00:00.308563 nspr-2     no domain set
00:00:00.308568 nspr-2     no search string entries
00:00:00.308572 nspr-2   HostDnsMonitor: new information
00:00:00.308575 nspr-2     server 1: 192.168.42.129
00:00:00.308580 nspr-2     no domain set
00:00:00.308584 nspr-2     no search string entries
00:00:00.308590 nspr-2   HostDnsMonitorProxy::notify
00:00:00.311287 nspr-2   SUPR0QueryVTCaps -> VERR_VMX_MSR_ALL_VMX_DISABLED
00:00:00.329717 nspr-2   VD: VDInit finished with VINF_SUCCESS
00:00:00.330626 nspr-2   ERROR [COM]: aRC=NS_ERROR_FAILURE (0x80004005) aIID={0eb668d2-495e-5a36-8890-29999b5f030c} aComponent={SystemPropertiesWrap} aText={Cannot determine default Guest Additions ISO location. Most likely they are not available}, preserve=false aResultDetail=0
00:00:00.403514 nspr-2   Loading settings file "/home/putki/VirtualBox VMs/DVL - Damn Vulnerable Linux/DVL - Damn Vulnerable Linux.vbox" with version "1.16-linux"
00:00:00.501722 nspr-2   VirtualBox: object created
00:00:01.722386 nspr-5   WARNING [COM]: aRC=NS_ERROR_FAILURE (0x80004005) aIID={afca788c-4477-787d-60b2-3fa70e56fbbc} aComponent={HostWrap} aText={VirtualBox is not currently allowed to access USB devices.  You can change this by adding your user to the 'vboxusers' group.  Please see the user manual for a more detailed explanation}, preserve=true  aResultDetail=0
00:00:01.910429 nspr-3   WARNING [COM]: aRC=NS_ERROR_FAILURE (0x80004005) aIID={afca788c-4477-787d-60b2-3fa70e56fbbc} aComponent={HostWrap} aText={VirtualBox is not currently allowed to access USB devices.  You can change this by adding your user to the 'vboxusers' group.  Please see the user manual for a more detailed explanation}, preserve=true  aResultDetail=0
00:00:01.911896 nspr-6   WARNING [COM]: aRC=NS_ERROR_FAILURE (0x80004005) aIID={afca788c-4477-787d-60b2-3fa70e56fbbc} aComponent={HostWrap} aText={VirtualBox is not currently allowed to access USB devices.  You can change this by adding your user to the 'vboxusers' group.  Please see the user manual for a more detailed explanation}, preserve=true  aResultDetail=0
00:00:01.913128 nspr-5   WARNING [COM]: aRC=NS_ERROR_FAILURE (0x80004005) aIID={afca788c-4477-787d-60b2-3fa70e56fbbc} aComponent={HostWrap} aText={VirtualBox is not currently allowed to access USB devices.  You can change this by adding your user to the 'vboxusers' group.  Please see the user manual for a more detailed explanation}, preserve=true  aResultDetail=0
00:00:03.104904 nspr-3   Saving settings file "/home/putki/.config/VirtualBox/VirtualBox.xml" with version "1.12-linux"
00:00:03.236798 nspr-3   Saving settings file "/home/putki/.config/VirtualBox/VirtualBox.xml" with version "1.12-linux"
00:00:04.496175 nspr-3   WARNING [COM]: aRC=NS_ERROR_FAILURE (0x80004005) aIID={afca788c-4477-787d-60b2-3fa70e56fbbc} aComponent={HostWrap} aText={VirtualBox is not currently allowed to access USB devices.  You can change this by adding your user to the 'vboxusers' group.  Please see the user manual for a more detailed explanation}, preserve=true  aResultDetail=0
00:00:04.497434 nspr-2   WARNING [COM]: aRC=NS_ERROR_FAILURE (0x80004005) aIID={afca788c-4477-787d-60b2-3fa70e56fbbc} aComponent={HostWrap} aText={VirtualBox is not currently allowed to access USB devices.  You can change this by adding your user to the 'vboxusers' group.  Please see the user manual for a more detailed explanation}, preserve=true  aResultDetail=0
00:00:04.498670 nspr-4   WARNING [COM]: aRC=NS_ERROR_FAILURE (0x80004005) aIID={afca788c-4477-787d-60b2-3fa70e56fbbc} aComponent={HostWrap} aText={VirtualBox is not currently allowed to access USB devices.  You can change this by adding your user to the 'vboxusers' group.  Please see the user manual for a more detailed explanation}, preserve=true  aResultDetail=0
01:48:08.990501 MainPower Host suspending: Paused 0 VMs
01:48:15.550836 MainPower Host resumed: Resumed 0 VMs
01:48:15.663435 dns-monitor NAT: resolv.conf: nameserver 8.8.8.8
01:48:15.663456 dns-monitor NAT: resolv.conf: nameserver 8.8.4.4
01:48:15.663494 dns-monitor HostDnsMonitor: old information
01:48:15.663500 dns-monitor   server 1: 192.168.42.129
01:48:15.663505 dns-monitor   no domain set
01:48:15.663508 dns-monitor   no search string entries
01:48:15.663512 dns-monitor HostDnsMonitor: new information
01:48:15.663515 dns-monitor   server 1: 8.8.8.8
01:48:15.663519 dns-monitor   server 2: 8.8.4.4
01:48:15.663523 dns-monitor   no domain set
01:48:15.663526 dns-monitor   no search string entries
01:48:15.663530 dns-monitor HostDnsMonitorProxy::notify
01:48:34.825925 dns-monitor NAT: resolv.conf: nameserver 192.168.42.129
01:48:34.825977 dns-monitor HostDnsMonitor: old information
01:48:34.825989 dns-monitor   server 1: 8.8.8.8
01:48:34.826001 dns-monitor   server 2: 8.8.4.4
01:48:34.826011 dns-monitor   no domain set
01:48:34.826020 dns-monitor   no search string entries
01:48:34.826030 dns-monitor HostDnsMonitor: new information
01:48:34.826038 dns-monitor   server 1: 192.168.42.129
01:48:34.826049 dns-monitor   no domain set
01:48:34.826057 dns-monitor   no search string entries
01:48:34.826067 dns-monitor HostDnsMonitorProxy::notify
01:49:02.118280 nspr-6   WARNING [COM]: aRC=NS_ERROR_FAILURE (0x80004005) aIID={afca788c-4477-787d-60b2-3fa70e56fbbc} aComponent={HostWrap} aText={VirtualBox is not currently allowed to access USB devices.  You can change this by adding your user to the 'vboxusers' group.  Please see the user manual for a more detailed explanation}, preserve=true  aResultDetail=0
01:49:02.119806 nspr-4   WARNING [COM]: aRC=NS_ERROR_FAILURE (0x80004005) aIID={afca788c-4477-787d-60b2-3fa70e56fbbc} aComponent={HostWrap} aText={VirtualBox is not currently allowed to access USB devices.  You can change this by adding your user to the 'vboxusers' group.  Please see the user manual for a more detailed explanation}, preserve=true  aResultDetail=0
01:49:02.120892 nspr-3   WARNING [COM]: aRC=NS_ERROR_FAILURE (0x80004005) aIID={afca788c-4477-787d-60b2-3fa70e56fbbc} aComponent={HostWrap} aText={VirtualBox is not currently allowed to access USB devices.  You can change this by adding your user to the 'vboxusers' group.  Please see the user manual for a more detailed explanation}, preserve=true  aResultDetail=0
01:50:51.424672 nspr-4   Saving settings file "/home/putki/VirtualBox VMs/Anroid/Anroid.vbox" with version "1.16-linux"
01:50:51.562802 nspr-4   WARNING [COM]: aRC=NS_ERROR_FAILURE (0x80004005) aIID={afca788c-4477-787d-60b2-3fa70e56fbbc} aComponent={HostWrap} aText={VirtualBox is not currently allowed to access USB devices.  You can change this by adding your user to the 'vboxusers' group.  Please see the user manual for a more detailed explanation}, preserve=true  aResultDetail=0
01:50:51.567998 nspr-6   Saving settings file "/home/putki/VirtualBox VMs/Anroid/Anroid.vbox" with version "1.16-linux"
01:50:51.683118 nspr-6   Saving settings file "/home/putki/.config/VirtualBox/VirtualBox.xml" with version "1.12-linux"
01:50:51.833647 nspr-6   Saving settings file "/home/putki/VirtualBox VMs/Anroid/Anroid.vbox" with version "1.16-linux"
01:50:51.989262 nspr-3   ERROR [COM]: aRC=NS_ERROR_FAILURE (0x80004005) aIID={85cd948e-a71f-4289-281e-0ca7ad48cd89} aComponent={MachineWrap} aText={This machine does not have any snapshots}, preserve=false aResultDetail=0
01:50:52.011421 nspr-6   WARNING [COM]: aRC=NS_ERROR_FAILURE (0x80004005) aIID={afca788c-4477-787d-60b2-3fa70e56fbbc} aComponent={HostWrap} aText={VirtualBox is not currently allowed to access USB devices.  You can change this by adding your user to the 'vboxusers' group.  Please see the user manual for a more detailed explanation}, preserve=true  aResultDetail=0
01:50:52.043307 nspr-5   WARNING [COM]: aRC=NS_ERROR_FAILURE (0x80004005) aIID={afca788c-4477-787d-60b2-3fa70e56fbbc} aComponent={HostWrap} aText={VirtualBox is not currently allowed to access USB devices.  You can change this by adding your user to the 'vboxusers' group.  Please see the user manual for a more detailed explanation}, preserve=true  aResultDetail=0
01:50:52.044585 nspr-6   WARNING [COM]: aRC=NS_ERROR_FAILURE (0x80004005) aIID={afca788c-4477-787d-60b2-3fa70e56fbbc} aComponent={HostWrap} aText={VirtualBox is not currently allowed to access USB devices.  You can change this by adding your user to the 'vboxusers' group.  Please see the user manual for a more detailed explanation}, preserve=true  aResultDetail=0
01:50:52.045593 nspr-4   WARNING [COM]: aRC=NS_ERROR_FAILURE (0x80004005) aIID={afca788c-4477-787d-60b2-3fa70e56fbbc} aComponent={HostWrap} aText={VirtualBox is not currently allowed to access USB devices.  You can change this by adding your user to the 'vboxusers' group.  Please see the user manual for a more detailed explanation}, preserve=true  aResultDetail=0
01:50:58.211196 nspr-3   WARNING [COM]: aRC=NS_ERROR_FAILURE (0x80004005) aIID={afca788c-4477-787d-60b2-3fa70e56fbbc} aComponent={HostWrap} aText={VirtualBox is not currently allowed to access USB devices.  You can change this by adding your user to the 'vboxusers' group.  Please see the user manual for a more detailed explanation}, preserve=true  aResultDetail=0
01:50:58.212581 nspr-4   WARNING [COM]: aRC=NS_ERROR_FAILURE (0x80004005) aIID={afca788c-4477-787d-60b2-3fa70e56fbbc} aComponent={HostWrap} aText={VirtualBox is not currently allowed to access USB devices.  You can change this by adding your user to the 'vboxusers' group.  Please see the user manual for a more detailed explanation}, preserve=true  aResultDetail=0
01:50:58.213773 nspr-4   WARNING [COM]: aRC=NS_ERROR_FAILURE (0x80004005) aIID={afca788c-4477-787d-60b2-3fa70e56fbbc} aComponent={HostWrap} aText={VirtualBox is not currently allowed to access USB devices.  You can change this by adding your user to the 'vboxusers' group.  Please see the user manual for a more detailed explanation}, preserve=true  aResultDetail=0
01:50:59.194989 nspr-5   WARNING [COM]: aRC=NS_ERROR_FAILURE (0x80004005) aIID={afca788c-4477-787d-60b2-3fa70e56fbbc} aComponent={HostWrap} aText={VirtualBox is not currently allowed to access USB devices.  You can change this by adding your user to the 'vboxusers' group.  Please see the user manual for a more detailed explanation}, preserve=true  aResultDetail=0
01:50:59.196505 nspr-5   WARNING [COM]: aRC=NS_ERROR_FAILURE (0x80004005) aIID={afca788c-4477-787d-60b2-3fa70e56fbbc} aComponent={HostWrap} aText={VirtualBox is not currently allowed to access USB devices.  You can change this by adding your user to the 'vboxusers' group.  Please see the user manual for a more detailed explanation}, preserve=true  aResultDetail=0
01:50:59.197748 nspr-3   WARNING [COM]: aRC=NS_ERROR_FAILURE (0x80004005) aIID={afca788c-4477-787d-60b2-3fa70e56fbbc} aComponent={HostWrap} aText={VirtualBox is not currently allowed to access USB devices.  You can change this by adding your user to the 'vboxusers' group.  Please see the user manual for a more detailed explanation}, preserve=true  aResultDetail=0
01:50:59.237403 nspr-3   WARNING [COM]: aRC=NS_ERROR_FAILURE (0x80004005) aIID={afca788c-4477-787d-60b2-3fa70e56fbbc} aComponent={HostWrap} aText={VirtualBox is not currently allowed to access USB devices.  You can change this by adding your user to the 'vboxusers' group.  Please see the user manual for a more detailed explanation}, preserve=true  aResultDetail=0
01:50:59.238765 nspr-5   WARNING [COM]: aRC=NS_ERROR_FAILURE (0x80004005) aIID={afca788c-4477-787d-60b2-3fa70e56fbbc} aComponent={HostWrap} aText={VirtualBox is not currently allowed to access USB devices.  You can change this by adding your user to the 'vboxusers' group.  Please see the user manual for a more detailed explanation}, preserve=true  aResultDetail=0
01:50:59.239317 nspr-5   ERROR [COM]: aRC=VBOX_E_OBJECT_NOT_FOUND (0x80bb0001) aIID={edba9d10-45d8-b440-1712-46ac0c9bc4c5} aComponent={ExtPackManagerWrap} aText={No extension pack by the name 'Oracle VM VirtualBox Extension Pack' was found}, preserve=false aResultDetail=0
01:50:59.326031 nspr-3   WARNING [COM]: aRC=NS_ERROR_FAILURE (0x80004005) aIID={afca788c-4477-787d-60b2-3fa70e56fbbc} aComponent={HostWrap} aText={VirtualBox is not currently allowed to access USB devices.  You can change this by adding your user to the 'vboxusers' group.  Please see the user manual for a more detailed explanation}, preserve=true  aResultDetail=0
01:50:59.327856 nspr-5   WARNING [COM]: aRC=NS_ERROR_FAILURE (0x80004005) aIID={afca788c-4477-787d-60b2-3fa70e56fbbc} aComponent={HostWrap} aText={VirtualBox is not currently allowed to access USB devices.  You can change this by adding your user to the 'vboxusers' group.  Please see the user manual for a more detailed explanation}, preserve=true  aResultDetail=0
01:50:59.354687 nspr-5   ERROR [COM]: aRC=VBOX_E_IPRT_ERROR (0x80bb0005) aIID={85cd948e-a71f-4289-281e-0ca7ad48cd89} aComponent={SessionMachine} aText={Saved screenshot data is not available (VERR_NOT_SUPPORTED)}, preserve=false aResultDetail=0
01:50:59.404391 nspr-5   NetIfAdpCtlOut: VBoxNetAdpCtl: Error while retrieving link speed for usb0: VBoxNetAdpCtl: ioctl failed: Operation not supported
01:51:08.258349 nspr-6   Saving settings file "/home/putki/.config/VirtualBox/VirtualBox.xml" with version "1.12-linux"
01:51:09.323070 nspr-5   Saving settings file "/home/putki/VirtualBox VMs/Anroid/Anroid.vbox" with version "1.16-linux"
01:51:09.447406 nspr-2   WARNING [COM]: aRC=NS_ERROR_FAILURE (0x80004005) aIID={afca788c-4477-787d-60b2-3fa70e56fbbc} aComponent={HostWrap} aText={VirtualBox is not currently allowed to access USB devices.  You can change this by adding your user to the 'vboxusers' group.  Please see the user manual for a more detailed explanation}, preserve=true  aResultDetail=0
01:51:09.448633 nspr-7   WARNING [COM]: aRC=NS_ERROR_FAILURE (0x80004005) aIID={afca788c-4477-787d-60b2-3fa70e56fbbc} aComponent={HostWrap} aText={VirtualBox is not currently allowed to access USB devices.  You can change this by adding your user to the 'vboxusers' group.  Please see the user manual for a more detailed explanation}, preserve=true  aResultDetail=0
01:51:09.449774 nspr-7   WARNING [COM]: aRC=NS_ERROR_FAILURE (0x80004005) aIID={afca788c-4477-787d-60b2-3fa70e56fbbc} aComponent={HostWrap} aText={VirtualBox is not currently allowed to access USB devices.  You can change this by adding your user to the 'vboxusers' group.  Please see the user manual for a more detailed explanation}, preserve=true  aResultDetail=0
01:51:09.656107 nspr-5   WARNING [COM]: aRC=NS_ERROR_FAILURE (0x80004005) aIID={afca788c-4477-787d-60b2-3fa70e56fbbc} aComponent={HostWrap} aText={VirtualBox is not currently allowed to access USB devices.  You can change this by adding your user to the 'vboxusers' group.  Please see the user manual for a more detailed explanation}, preserve=true  aResultDetail=0
01:51:11.002966 nspr-4   WARNING [COM]: aRC=NS_ERROR_FAILURE (0x80004005) aIID={afca788c-4477-787d-60b2-3fa70e56fbbc} aComponent={HostWrap} aText={VirtualBox is not currently allowed to access USB devices.  You can change this by adding your user to the 'vboxusers' group.  Please see the user manual for a more detailed explanation}, preserve=true  aResultDetail=0
01:51:11.004289 nspr-2   WARNING [COM]: aRC=NS_ERROR_FAILURE (0x80004005) aIID={afca788c-4477-787d-60b2-3fa70e56fbbc} aComponent={HostWrap} aText={VirtualBox is not currently allowed to access USB devices.  You can change this by adding your user to the 'vboxusers' group.  Please see the user manual for a more detailed explanation}, preserve=true  aResultDetail=0
01:51:11.005267 nspr-6   WARNING [COM]: aRC=NS_ERROR_FAILURE (0x80004005) aIID={afca788c-4477-787d-60b2-3fa70e56fbbc} aComponent={HostWrap} aText={VirtualBox is not currently allowed to access USB devices.  You can change this by adding your user to the 'vboxusers' group.  Please see the user manual for a more detailed explanation}, preserve=true  aResultDetail=0
01:54:29.342080 nspr-6   WARNING [COM]: aRC=NS_ERROR_FAILURE (0x80004005) aIID={afca788c-4477-787d-60b2-3fa70e56fbbc} aComponent={HostWrap} aText={VirtualBox is not currently allowed to access USB devices.  You can change this by adding your user to the 'vboxusers' group.  Please see the user manual for a more detailed explanation}, preserve=true  aResultDetail=0
01:54:29.343544 nspr-4   WARNING [COM]: aRC=NS_ERROR_FAILURE (0x80004005) aIID={afca788c-4477-787d-60b2-3fa70e56fbbc} aComponent={HostWrap} aText={VirtualBox is not currently allowed to access USB devices.  You can change this by adding your user to the 'vboxusers' group.  Please see the user manual for a more detailed explanation}, preserve=true  aResultDetail=0
01:54:29.344598 nspr-5   WARNING [COM]: aRC=NS_ERROR_FAILURE (0x80004005) aIID={afca788c-4477-787d-60b2-3fa70e56fbbc} aComponent={HostWrap} aText={VirtualBox is not currently allowed to access USB devices.  You can change this by adding your user to the 'vboxusers' group.  Please see the user manual for a more detailed explanation}, preserve=true  aResultDetail=0
01:54:31.526839 nspr-4   Saving settings file "/home/putki/VirtualBox VMs/Anroid/Anroid.vbox" with version "1.16-linux"
01:54:31.708703 nspr-8   WARNING [COM]: aRC=NS_ERROR_FAILURE (0x80004005) aIID={afca788c-4477-787d-60b2-3fa70e56fbbc} aComponent={HostWrap} aText={VirtualBox is not currently allowed to access USB devices.  You can change this by adding your user to the 'vboxusers' group.  Please see the user manual for a more detailed explanation}, preserve=true  aResultDetail=0
01:54:31.711062 nspr-3   WARNING [COM]: aRC=NS_ERROR_FAILURE (0x80004005) aIID={afca788c-4477-787d-60b2-3fa70e56fbbc} aComponent={HostWrap} aText={VirtualBox is not currently allowed to access USB devices.  You can change this by adding your user to the 'vboxusers' group.  Please see the user manual for a more detailed explanation}, preserve=true  aResultDetail=0
01:54:31.713232 nspr-4   WARNING [COM]: aRC=NS_ERROR_FAILURE (0x80004005) aIID={afca788c-4477-787d-60b2-3fa70e56fbbc} aComponent={HostWrap} aText={VirtualBox is not currently allowed to access USB devices.  You can change this by adding your user to the 'vboxusers' group.  Please see the user manual for a more detailed explanation}, preserve=true  aResultDetail=0
01:54:31.812442 nspr-8   Saving settings file "/home/putki/VirtualBox VMs/Anroid/Anroid.vbox" with version "1.16-linux"
01:54:31.926635 nspr-8   WARNING [COM]: aRC=NS_ERROR_FAILURE (0x80004005) aIID={afca788c-4477-787d-60b2-3fa70e56fbbc} aComponent={HostWrap} aText={VirtualBox is not currently allowed to access USB devices.  You can change this by adding your user to the 'vboxusers' group.  Please see the user manual for a more detailed explanation}, preserve=true  aResultDetail=0
01:54:31.927863 nspr-7   WARNING [COM]: aRC=NS_ERROR_FAILURE (0x80004005) aIID={afca788c-4477-787d-60b2-3fa70e56fbbc} aComponent={HostWrap} aText={VirtualBox is not currently allowed to access USB devices.  You can change this by adding your user to the 'vboxusers' group.  Please see the user manual for a more detailed explanation}, preserve=true  aResultDetail=0
01:54:31.928824 nspr-2   WARNING [COM]: aRC=NS_ERROR_FAILURE (0x80004005) aIID={afca788c-4477-787d-60b2-3fa70e56fbbc} aComponent={HostWrap} aText={VirtualBox is not currently allowed to access USB devices.  You can change this by adding your user to the 'vboxusers' group.  Please see the user manual for a more detailed explanation}, preserve=true  aResultDetail=0
01:54:32.433471 nspr-4   Saving settings file "/home/putki/VirtualBox VMs/Anroid/Anroid.vbox" with version "1.16-linux"
01:54:32.555005 nspr-6   Saving settings file "/home/putki/VirtualBox VMs/Anroid/Anroid.vbox" with version "1.16-linux"
01:54:32.679395 nspr-8   WARNING [COM]: aRC=NS_ERROR_FAILURE (0x80004005) aIID={afca788c-4477-787d-60b2-3fa70e56fbbc} aComponent={HostWrap} aText={VirtualBox is not currently allowed to access USB devices.  You can change this by adding your user to the 'vboxusers' group.  Please see the user manual for a more detailed explanation}, preserve=true  aResultDetail=0
01:54:32.680713 nspr-8   WARNING [COM]: aRC=NS_ERROR_FAILURE (0x80004005) aIID={afca788c-4477-787d-60b2-3fa70e56fbbc} aComponent={HostWrap} aText={VirtualBox is not currently allowed to access USB devices.  You can change this by adding your user to the 'vboxusers' group.  Please see the user manual for a more detailed explanation}, preserve=true  aResultDetail=0
01:54:32.681693 nspr-4   WARNING [COM]: aRC=NS_ERROR_FAILURE (0x80004005) aIID={afca788c-4477-787d-60b2-3fa70e56fbbc} aComponent={HostWrap} aText={VirtualBox is not currently allowed to access USB devices.  You can change this by adding your user to the 'vboxusers' group.  Please see the user manual for a more detailed explanation}, preserve=true  aResultDetail=0
01:54:32.860825 nspr-5   WARNING [COM]: aRC=NS_ERROR_FAILURE (0x80004005) aIID={afca788c-4477-787d-60b2-3fa70e56fbbc} aComponent={HostWrap} aText={VirtualBox is not currently allowed to access USB devices.  You can change this by adding your user to the 'vboxusers' group.  Please see the user manual for a more detailed explanation}, preserve=true  aResultDetail=0
01:54:32.862202 nspr-5   WARNING [COM]: aRC=NS_ERROR_FAILURE (0x80004005) aIID={afca788c-4477-787d-60b2-3fa70e56fbbc} aComponent={HostWrap} aText={VirtualBox is not currently allowed to access USB devices.  You can change this by adding your user to the 'vboxusers' group.  Please see the user manual for a more detailed explanation}, preserve=true  aResultDetail=0
01:54:32.863247 nspr-4   WARNING [COM]: aRC=NS_ERROR_FAILURE (0x80004005) aIID={afca788c-4477-787d-60b2-3fa70e56fbbc} aComponent={HostWrap} aText={VirtualBox is not currently allowed to access USB devices.  You can change this by adding your user to the 'vboxusers' group.  Please see the user manual for a more detailed explanation}, preserve=true  aResultDetail=0
01:54:38.252442 nspr-6   Saving settings file "/home/putki/.config/VirtualBox/VirtualBox.xml" with version "1.12-linux"
01:54:38.856745 nspr-5   ERROR [COM]: aRC=E_ACCESSDENIED (0x80070005) aIID={4afe423b-43e0-e9d0-82e8-ceb307940dda} aComponent={MediumWrap} aText={The object is not ready}, preserve=false aResultDetail=0
01:54:38.889474 nspr-7   WARNING [COM]: aRC=NS_ERROR_FAILURE (0x80004005) aIID={afca788c-4477-787d-60b2-3fa70e56fbbc} aComponent={HostWrap} aText={VirtualBox is not currently allowed to access USB devices.  You can change this by adding your user to the 'vboxusers' group.  Please see the user manual for a more detailed explanation}, preserve=true  aResultDetail=0
01:54:39.004049 nspr-7   WARNING [COM]: aRC=NS_ERROR_FAILURE (0x80004005) aIID={afca788c-4477-787d-60b2-3fa70e56fbbc} aComponent={HostWrap} aText={VirtualBox is not currently allowed to access USB devices.  You can change this by adding your user to the 'vboxusers' group.  Please see the user manual for a more detailed explanation}, preserve=true  aResultDetail=0
01:54:39.005679 nspr-3   WARNING [COM]: aRC=NS_ERROR_FAILURE (0x80004005) aIID={afca788c-4477-787d-60b2-3fa70e56fbbc} aComponent={HostWrap} aText={VirtualBox is not currently allowed to access USB devices.  You can change this by adding your user to the 'vboxusers' group.  Please see the user manual for a more detailed explanation}, preserve=true  aResultDetail=0
01:54:39.007497 nspr-6   WARNING [COM]: aRC=NS_ERROR_FAILURE (0x80004005) aIID={afca788c-4477-787d-60b2-3fa70e56fbbc} aComponent={HostWrap} aText={VirtualBox is not currently allowed to access USB devices.  You can change this by adding your user to the 'vboxusers' group.  Please see the user manual for a more detailed explanation}, preserve=true  aResultDetail=0
02:44:00.163398 nspr-7   Saving settings file "/home/putki/.config/VirtualBox/VirtualBox.xml" with version "1.12-linux"
02:44:00.299101 nspr-6   Saving settings file "/home/putki/.config/VirtualBox/VirtualBox.xml" with version "1.12-linux"
02:44:00.399527 nspr-3   Saving settings file "/home/putki/.config/VirtualBox/VirtualBox.xml" with version "1.12-linux"
02:44:00.484462 nspr-8   Saving settings file "/home/putki/.config/VirtualBox/VirtualBox.xml" with version "1.12-linux"
02:44:00.557790 nspr-5   Saving settings file "/home/putki/.config/VirtualBox/VirtualBox.xml" with version "1.12-linux"
02:44:00.646845 nspr-3   Saving settings file "/home/putki/.config/VirtualBox/VirtualBox.xml" with version "1.12-linux"
02:44:06.227280 main     VirtualBox: object deletion starts
02:44:06.227349 main     ERROR [COM]: aRC=VBOX_E_OBJECT_IN_USE (0x80bb000c) aIID={4afe423b-43e0-e9d0-82e8-ceb307940dda} aComponent={MediumWrap} aText={Medium '/home/putki/VirtualBox VMs/DVL - Damn Vulnerable Linux/DVL - Damn Vulnerable Linux.vdi' cannot be closed because it is still attached to 1 virtual machines}, preserve=false aResultDetail=0
02:44:06.426768 Watcher  ERROR [COM]: aRC=E_ACCESSDENIED (0x80070005) aIID={9570b9d5-f1a1-448a-10c5-e12f5285adad} aComponent={VirtualBoxWrap} aText={The object is not ready}, preserve=false aResultDetail=0
02:44:10.338699 main     VirtualBox: object deleted
