Setting breakpad minidump AppID = 246620
Steam_SetMinidumpSteamID:  Caching Steam ID:  76561198005093754 [API loaded no]
Timed out waiting for game mapping!
=24
GLX_STENCIL_SIZE=8
GLX_SAMPLES_ARB=0
GLX_SAMPLE_BUFFERS_ARB=0
GLX_STEREO=0
GLX_CONFIG_CAVEAT=NONE

Desktop is 1600 x 900 @ 60 Hz
XError: GLXBadFBConfig (error 178, opcode 155/34, serial 56, XID 02e00002, display 0xa59ce28
XError: GLXBadFBConfig (error 178, opcode 155/34, serial 59, XID 02e00002, display 0xa59ce28
XError: GLXBadFBConfig (error 178, opcode 155/34, serial 62, XID 02e00002, display 0xa59ce28
Initialize engine version: 5.3.5p8 (4ff20829e874)
GfxDevice: creating device client; threaded=1
GLX Extensions: GLX_ARB_create_context GLX_ARB_create_context_profile GLX_ARB_create_context_robustness GLX_ARB_fbconfig_float GLX_ARB_framebuffer_sRGB GLX_ARB_get_proc_address GLX_ARB_multisample GLX_EXT_import_context GLX_EXT_visual_info GLX_EXT_visual_rating GLX_EXT_fbconfig_packed_float GLX_EXT_framebuffer_sRGB GLX_EXT_create_context_es2_profile GLX_EXT_create_context_es_profile GLX_MESA_copy_sub_buffer GLX_MESA_multithread_makecurrent GLX_MESA_query_renderer GLX_MESA_swap_control GLX_OML_swap_method GLX_OML_sync_control GLX_SGI_make_current_read GLX_SGI_swap_control GLX_SGI_video_sync GLX_SGIS_multisample GLX_SGIX_fbconfig GLX_SGIX_pbuffer GLX_SGIX_visual_select_group GLX_EXT_texture_from_pixmap GLX_INTEL_swap_event GLX_EXT_buffer_age 
Setting maxVSyncInterval to 4
Renderer: Mesa DRI Intel(R) Ivybridge Mobile x86/MMX/SSE2
Vendor:   Intel Open Source Technology Center
Version:  4.2 (Core Profile) Mesa 17.1.7
GLES:     0
 GL_3DFX_texture_compression_FXT1 GL_AMD_conservative_depth GL_AMD_draw_buffers_blend GL_AMD_seamless_cubemap_per_texture GL_AMD_shader_trinary_minmax GL_AMD_vertex_shader_layer GL_AMD_vertex_shader_viewport_index GL_ANGLE_texture_compression_dxt3 GL_ANGLE_texture_compression_dxt5 GL_APPLE_object_purgeable GL_ARB_ES2_compatibility GL_ARB_ES3_compatibility GL_ARB_arrays_of_arrays GL_ARB_base_instance GL_ARB_blend_func_extended GL_ARB_buffer_storage GL_ARB_clear_buffer_object GL_ARB_clear_texture GL_ARB_clip_control GL_ARB_compressed_texture_pixel_storage GL_ARB_compute_shader GL_ARB_conditional_render_inverted GL_ARB_conservative_depth GL_ARB_copy_buffer GL_ARB_copy_image GL_ARB_cull_distance GL_ARB_debug_output GL_ARB_depth_buffer_float GL_ARB_depth_clamp GL_ARB_derivative_control GL_ARB_direct_state_access GL_ARB_draw_buffers GL_ARB_draw_buffers_blend GL_ARB_draw_elements_base_vertex GL_ARB_draw_indirect GL_ARB_draw_instanced GL_ARB_enhanced_layouts GL_ARB_explicit_attrib_location GL_ARB_explicit_uniform_lo
cation GL_ARB_fragment_coord_conventions GL_ARB_fragment_layer_viewport GL_ARB_fragment_shader GL_ARB_framebuffer_no_attachments GL_ARB_framebuffer_object GL_ARB_framebuffer_sRGB GL_ARB_get_program_binary GL_ARB_get_texture_sub_image GL_ARB_gpu_shader5 GL_ARB_gpu_shader_fp64 GL_ARB_half_float_pixel GL_ARB_half_float_vertex GL_ARB_instanced_arrays GL_ARB_internalformat_query GL_ARB_internalformat_query2 GL_ARB_invalidate_subdata GL_ARB_map_buffer_alignment GL_ARB_map_buffer_range GL_ARB_multi_bind GL_ARB_multi_draw_indirect GL_ARB_occlusion_query2 GL_ARB_pipeline_statistics_query GL_ARB_pixel_buffer_object GL_ARB_point_sprite GL_ARB_program_interface_query GL_ARB_provoking_vertex GL_ARB_robustness GL_ARB_sample_shading GL_ARB_sampler_objects GL_ARB_seamless_cube_map GL_ARB_seamless_cubemap_per_texture GL_ARB_separate_shader_objects GL_ARB_shader_atomic_counter_ops GL_ARB_shader_atomic_counters GL_ARB_shader_bit_encoding GL_ARB_shader_clock GL_ARB_shader_draw_parameters GL_ARB_shader_image_load_store GL_ARB_sh
ader_image_size GL_ARB_shader_objects GL_ARB_shader_precision GL_ARB_shader_storage_buffer_object GL_ARB_shader_subroutine GL_ARB_shader_texture_image_samples GL_ARB_shader_texture_lod GL_ARB_shader_viewport_layer_array GL_ARB_shading_language_420pack GL_ARB_shading_language_packing GL_ARB_sync GL_ARB_tessellation_shader GL_ARB_texture_barrier GL_ARB_texture_buffer_object GL_ARB_texture_buffer_object_rgb32 GL_ARB_texture_buffer_range GL_ARB_texture_compression_bptc GL_ARB_texture_compression_rgtc GL_ARB_texture_cube_map_array GL_ARB_texture_float GL_ARB_texture_gather GL_ARB_texture_mirror_clamp_to_edge GL_ARB_texture_multisample GL_ARB_texture_non_power_of_two GL_ARB_texture_query_levels GL_ARB_texture_query_lod GL_ARB_texture_rectangle GL_ARB_texture_rg GL_ARB_texture_rgb10_a2ui GL_ARB_texture_storage GL_ARB_texture_storage_multisample GL_ARB_texture_swizzle GL_ARB_texture_view GL_ARB_timer_query GL_ARB_transform_feedback2 GL_ARB_transform_feedback3 GL_ARB_transform_feedback_instanced GL_ARB_transform_feed
back_overflow_query GL_ARB_uniform_buffer_object GL_ARB_vertex_array_bgra GL_ARB_vertex_array_object GL_ARB_vertex_attrib_64bit GL_ARB_vertex_attrib_binding GL_ARB_vertex_shader GL_ARB_vertex_type_10f_11f_11f_rev GL_ARB_vertex_type_2_10_10_10_rev GL_ARB_viewport_array GL_ATI_blend_equation_separate GL_ATI_texture_float GL_EXT_abgr GL_EXT_blend_equation_separate GL_EXT_draw_buffers2 GL_EXT_draw_instanced GL_EXT_framebuffer_blit GL_EXT_framebuffer_multisample GL_EXT_framebuffer_multisample_blit_scaled GL_EXT_framebuffer_sRGB GL_EXT_packed_depth_stencil GL_EXT_packed_float GL_EXT_pixel_buffer_object GL_EXT_polygon_offset_clamp GL_EXT_provoking_vertex GL_EXT_shader_integer_mix GL_EXT_shader_samples_identical GL_EXT_texture_array GL_EXT_texture_compression_dxt1 GL_EXT_texture_compression_rgtc GL_EXT_texture_compression_s3tc GL_EXT_texture_filter_anisotropic GL_EXT_texture_integer GL_EXT_texture_sRGB GL_EXT_texture_sRGB_decode GL_EXT_texture_shared_exponent GL_EXT_texture_snorm GL_EXT_texture_swizzle GL_EXT_timer_
query GL_EXT_transform_feedback GL_EXT_vertex_array_bgra GL_IBM_multimode_draw_arrays GL_INTEL_performance_query GL_KHR_blend_equation_advanced GL_KHR_context_flush_control GL_KHR_debug GL_KHR_robustness GL_MESA_pack_invert GL_MESA_shader_integer_functions GL_MESA_texture_signed_rgba GL_NV_conditional_render GL_NV_depth_clamp GL_NV_packed_depth_stencil GL_NV_texture_barrier GL_OES_EGL_image GL_S3_s3tc
OPENGL LOG: Creating OpenGL 4.2 graphics device
AudioManager: Using PulseAudio: Default Output Device
Begin MonoManager ReloadAssembly
Platform assembly: /home/putki/.local/share/Steam/steamapps/common/PlagueInc/PlagueIncEvolved_Data/Managed/UnityEngine.dll (this message is harmless)
Loading /home/putki/.local/share/Steam/steamapps/common/PlagueInc/PlagueIncEvolved_Data/Managed/UnityEngine.dll into Unity Child Domain
Platform assembly: /home/putki/.local/share/Steam/steamapps/common/PlagueInc/PlagueIncEvolved_Data/Managed/Assembly-CSharp-firstpass.dll (this message is harmless)
Loading /home/putki/.local/share/Steam/steamapps/common/PlagueInc/PlagueIncEvolved_Data/Managed/Assembly-CSharp-firstpass.dll into Unity Child Domain
Platform assembly: /home/putki/.local/share/Steam/steamapps/common/PlagueInc/PlagueIncEvolved_Data/Managed/Assembly-CSharp.dll (this message is harmless)
Loading /home/putki/.local/share/Steam/steamapps/common/PlagueInc/PlagueIncEvolved_Data/Managed/Assembly-CSharp.dll into Unity Child Domain
Platform assembly: /home/putki/.local/share/Steam/steamapps/common/PlagueInc/PlagueIncEvolved_Data/Managed/Assembly-UnityScript-firstpass.dll (this message is harmless)
Loading /home/putki/.local/share/Steam/steamapps/common/PlagueInc/PlagueIncEvolved_Data/Managed/Assembly-UnityScript-firstpass.dll into Unity Child Domain
Platform assembly: /home/putki/.local/share/Steam/steamapps/common/PlagueInc/PlagueIncEvolved_Data/Managed/Assembly-UnityScript.dll (this message is harmless)
Loading /home/putki/.local/share/Steam/steamapps/common/PlagueInc/PlagueIncEvolved_Data/Managed/Assembly-UnityScript.dll into Unity Child Domain
Platform assembly: /home/putki/.local/share/Steam/steamapps/common/PlagueInc/PlagueIncEvolved_Data/Managed/UnityEngine.UI.dll (this message is harmless)
Loading /home/putki/.local/share/Steam/steamapps/common/PlagueInc/PlagueIncEvolved_Data/Managed/UnityEngine.UI.dll into Unity Child Domain
Platform assembly: /home/putki/.local/share/Steam/steamapps/common/PlagueInc/PlagueIncEvolved_Data/Managed/UnityEngine.Networking.dll (this message is harmless)
Loading /home/putki/.local/share/Steam/steamapps/common/PlagueInc/PlagueIncEvolved_Data/Managed/UnityEngine.Networking.dll into Unity Child Domain
Platform assembly: /home/putki/.local/share/Steam/steamapps/common/PlagueInc/PlagueIncEvolved_Data/Managed/Flow.dll (this message is harmless)
Loading /home/putki/.local/share/Steam/steamapps/common/PlagueInc/PlagueIncEvolved_Data/Managed/Flow.dll into Unity Child Domain
Platform assembly: /home/putki/.local/share/Steam/steamapps/common/PlagueInc/PlagueIncEvolved_Data/Managed/ICSharpCode.SharpZipLib.dll (this message is harmless)
Loading /home/putki/.local/share/Steam/steamapps/common/PlagueInc/PlagueIncEvolved_Data/Managed/ICSharpCode.SharpZipLib.dll into Unity Child Domain
Platform assembly: /home/putki/.local/share/Steam/steamapps/common/PlagueInc/PlagueIncEvolved_Data/Managed/Vectrosity.dll (this message is harmless)
Loading /home/putki/.local/share/Steam/steamapps/common/PlagueInc/PlagueIncEvolved_Data/Managed/Vectrosity.dll into Unity Child Domain
Platform assembly: /home/putki/.local/share/Steam/steamapps/common/PlagueInc/PlagueIncEvolved_Data/Managed/MouseLibWin.dll (this message is harmless)
Loading /home/putki/.local/share/Steam/steamapps/common/PlagueInc/PlagueIncEvolved_Data/Managed/MouseLibWin.dll into Unity Child Domain
Platform assembly: /home/putki/.local/share/Steam/steamapps/common/PlagueInc/PlagueIncEvolved_Data/Managed/ProMouseDll.dll (this message is harmless)
Loading /home/putki/.local/share/Steam/steamapps/common/PlagueInc/PlagueIncEvolved_Data/Managed/ProMouseDll.dll into Unity Child Domain
Platform assembly: /home/putki/.local/share/Steam/steamapps/common/PlagueInc/PlagueIncEvolved_Data/Managed/SuperSplines.dll (this message is harmless)
Loading /home/putki/.local/share/Steam/steamapps/common/PlagueInc/PlagueIncEvolved_Data/Managed/SuperSplines.dll into Unity Child Domain
- Completed reload, in  0.055 seconds
Platform assembly: /home/putki/.local/share/Steam/steamapps/common/PlagueInc/PlagueIncEvolved_Data/Managed/System.Core.dll (this message is harmless)
Platform assembly: /home/putki/.local/share/Steam/steamapps/common/PlagueInc/PlagueIncEvolved_Data/Managed/System.dll (this message is harmless)
Platform assembly: /home/putki/.local/share/Steam/steamapps/common/PlagueInc/PlagueIncEvolved_Data/Managed/System.Xml.dll (this message is harmless)
XError: BadMatch (invalid parameter attributes) (error 8, opcode 155/34, serial 82, XID 02e0000b, display 0xa59ce28
XError: BadMatch (invalid parameter attributes) (error 8, opcode 155/34, serial 85, XID 02e0000b, display 0xa59ce28
XError: BadMatch (invalid parameter attributes) (error 8, opcode 155/34, serial 88, XID 02e0000b, display 0xa59ce28
Default vsync count 0
requesting resize 1024 x 768
resizing window to 1024 x 768
Desktop is 1600 x 900 @ 60 Hz
Using libudev for joystick management


Importing game controller configs
The referenced script on this Behaviour (Game Object 'ReanimateZombies') is missing!
 
(Filename:  Line: 1655)

The referenced script on this Behaviour (Game Object 'Toggle_Transmission') is missing!
 
(Filename:  Line: 1655)

The referenced script on this Behaviour (Game Object 'Toggle_Symptoms') is missing!
 
(Filename:  Line: 1655)

The referenced script on this Behaviour (Game Object 'Toggle_Ablities') is missing!
 
(Filename:  Line: 1655)

The referenced script on this Behaviour (Game Object 'Toggle_Overview') is missing!
 
(Filename:  Line: 1655)

The referenced script on this Behaviour (Game Object 'Button_Exit') is missing!
 
(Filename:  Line: 1655)

The referenced script on this Behaviour (Game Object 'Button_WorldCure') is missing!
 
(Filename:  Line: 1655)

The referenced script on this Behaviour (Game Object 'Button_Disease_Box') is missing!
 
(Filename:  Line: 1655)

The referenced script on this Behaviour (Game Object 'Button_World_Box') is missing!
 
(Filename:  Line: 1655)

The referenced script on this Behaviour (Game Object 'Button_Disease') is missing!
 
(Filename:  Line: 1655)

The referenced script on this Behaviour (Game Object 'Button_World') is missing!
 
(Filename:  Line: 1655)

The referenced script on this Behaviour (Game Object 'Button_Context') is missing!
 
(Filename:  Line: 1655)

The referenced script on this Behaviour (Game Object 'Button_Context_Box') is missing!
 
(Filename:  Line: 1655)

The referenced script on this Behaviour (Game Object 'Button_Context') is missing!
 
(Filename:  Line: 1655)

The referenced script on this Behaviour (Game Object 'Button_Context_Box') is missing!
 
(Filename:  Line: 1655)

WARNING: Shader Unsupported: 'Hidden/NoiseAndGrainDX11' - Pass '' has no vertex shader
WARNING: Shader Unsupported: 'Hidden/NoiseAndGrainDX11' - Setting to default shader.
UnloadTime: 4.675000 ms
/HS/  PlagueExternalMP Plugin Handshake [9292]
 
(Filename: /home/builduser/buildslave/unity/build/artifacts/generated/common/runtime/UnityEngineDebugBindings.gen.cpp Line: 37)

/HS/  PlagueExternalCoop Plugin Handshake [9292]
 
(Filename: /home/builduser/buildslave/unity/build/artifacts/generated/common/runtime/UnityEngineDebugBindings.gen.cpp Line: 37)

Config file not detected creating default
 
(Filename: /home/builduser/buildslave/unity/build/artifacts/generated/common/runtime/UnityEngineDebugBindings.gen.cpp Line: 37)

Setting resolution: 800x600
 
(Filename: /home/builduser/buildslave/unity/build/artifacts/generated/common/runtime/UnityEngineDebugBindings.gen.cpp Line: 37)

Found native resolution: 1024x768
 
(Filename: /home/builduser/buildslave/unity/build/artifacts/generated/common/runtime/UnityEngineDebugBindings.gen.cpp Line: 37)

The referenced script on this Behaviour (Game Object '<null>') is missing!
 
(Filename:  Line: 1655)

The referenced script on this Behaviour (Game Object '<null>') is missing!
 
(Filename:  Line: 1655)

The referenced script on this Behaviour (Game Object '<null>') is missing!
 
(Filename:  Line: 1655)

The referenced script on this Behaviour (Game Object '<null>') is missing!
 
(Filename:  Line: 1655)

The referenced script on this Behaviour (Game Object '<null>') is missing!
 
(Filename:  Line: 1655)

The referenced script on this Behaviour (Game Object '<null>') is missing!
 
(Filename:  Line: 1655)

The referenced script on this Behaviour (Game Object 'Toggle_Transmission') is missing!
 
(Filename:  Line: 1655)

The referenced script on this Behaviour (Game Object 'Toggle_Transmission') is missing!
 
(Filename:  Line: 1655)

The referenced script on this Behaviour (Game Object 'Toggle_Symptoms') is missing!
 
(Filename:  Line: 1655)

The referenced script on this Behaviour (Game Object 'Toggle_Symptoms') is missing!
 
(Filename:  Line: 1655)

The referenced script on this Behaviour (Game Object 'Toggle_Ablities') is missing!
 
(Filename:  Line: 1655)

The referenced script on this Behaviour (Game Object 'Toggle_Ablities') is missing!
 
(Filename:  Line: 1655)

The referenced script on this Behaviour (Game Object 'Toggle_Overview') is missing!
 
(Filename:  Line: 1655)

The referenced script on this Behaviour (Game Object 'Toggle_Overview') is missing!
 
(Filename:  Line: 1655)

The referenced script on this Behaviour (Game Object 'Button_Exit') is missing!
 
(Filename:  Line: 1655)

The referenced script on this Behaviour (Game Object 'Button_Exit') is missing!
 
(Filename:  Line: 1655)

The referenced script on this Behaviour (Game Object 'Button_WorldCure') is missing!
 
(Filename:  Line: 1655)

The referenced script on this Behaviour (Game Object 'Button_WorldCure') is missing!
 
(Filename:  Line: 1655)

The referenced script on this Behaviour (Game Object '<null>') is missing!
 
(Filename:  Line: 1655)

The referenced script on this Behaviour (Game Object '<null>') is missing!
 
(Filename:  Line: 1655)

The referenced script on this Behaviour (Game Object '<null>') is missing!
 
(Filename:  Line: 1655)

The referenced script on this Behaviour (Game Object '<null>') is missing!
 
(Filename:  Line: 1655)

The referenced script on this Behaviour (Game Object '<null>') is missing!
 
(Filename:  Line: 1655)

The referenced script on this Behaviour (Game Object '<null>') is missing!
 
(Filename:  Line: 1655)

The referenced script on this Behaviour (Game Object '<null>') is missing!
 
(Filename:  Line: 1655)

The referenced script on this Behaviour (Game Object '<null>') is missing!
 
(Filename:  Line: 1655)

The referenced script on this Behaviour (Game Object 'Button_Disease_Box') is missing!
 
(Filename:  Line: 1655)

The referenced script on this Behaviour (Game Object 'Button_Disease_Box') is missing!
 
(Filename:  Line: 1655)

The referenced script on this Behaviour (Game Object 'Button_World_Box') is missing!
 
(Filename:  Line: 1655)

The referenced script on this Behaviour (Game Object 'Button_World_Box') is missing!
 
(Filename:  Line: 1655)

The referenced script on this Behaviour (Game Object 'Button_Disease') is missing!
 
(Filename:  Line: 1655)

The referenced script on this Behaviour (Game Object 'Button_Disease') is missing!
 
(Filename:  Line: 1655)

The referenced script on this Behaviour (Game Object 'Button_World') is missing!
 
(Filename:  Line: 1655)

The referenced script on this Behaviour (Game Object 'Button_World') is missing!
 
(Filename:  Line: 1655)

The referenced script on this Behaviour (Game Object 'Button_Context') is missing!
 
(Filename:  Line: 1655)

The referenced script on this Behaviour (Game Object 'Button_Context') is missing!
 
(Filename:  Line: 1655)

The referenced script on this Behaviour (Game Object 'Button_Context_Box') is missing!
 
(Filename:  Line: 1655)

The referenced script on this Behaviour (Game Object 'Button_Context_Box') is missing!
 
(Filename:  Line: 1655)

The referenced script on this Behaviour (Game Object 'Button_Context') is missing!
 
(Filename:  Line: 1655)

The referenced script on this Behaviour (Game Object 'Button_Context') is missing!
 
(Filename:  Line: 1655)

The referenced script on this Behaviour (Game Object 'Button_Context_Box') is missing!
 
(Filename:  Line: 1655)

The referenced script on this Behaviour (Game Object 'Button_Context_Box') is missing!
 
(Filename:  Line: 1655)

System Info:
Plague Inc. Evolved Version 1.13.3
OS: Linux 4.9 unknown 64bit
Processor: Intel(R) Core(TM) i3-3110M CPU @ 2.40GHz Count: 4
Graphics: 0/Mesa DRI Intel(R) Ivybridge Mobile x86/MMX/SSE2/Intel Open Source Technology Center/OpenGL 4.2 (Core Profile) Mesa 17.1.7/1024/-1 Shader: 41
Memory: system - 7890 graphics - 1024

 
(Filename: /home/builduser/buildslave/unity/build/artifacts/generated/common/runtime/UnityEngineDebugBindings.gen.cpp Line: 37)

//////////////////////////////////////////////
Plague Inc: Branch[] BuildID[0]
//////////////////////////////////////////////
 
(Filename: /home/builduser/buildslave/unity/build/artifacts/generated/common/runtime/UnityEngineDebugBindings.gen.cpp Line: 37)

Platform assembly: /home/putki/.local/share/Steam/steamapps/common/PlagueInc/PlagueIncEvolved_Data/Managed/Boo.Lang.dll (this message is harmless)
Unknown language: ''
 
(Filename: /home/builduser/buildslave/unity/build/artifacts/generated/common/runtime/UnityEngineDebugBindings.gen.cpp Line: 37)

requesting resize 800 x 600
requesting fullscreen 800 x 600 at 0 Hz
Desktop is 1600 x 900 @ 60 Hz
Changing real window size to 1600 x 900
Setting up downscaled viewport at 800 x 600
Changing real window size to 1600 x 900
NullReferenceException: Object reference not set to an instance of an object
  at CHUDScreen.DisplayCurrentContext () [0x00000] in <filename unknown>:0 
  at CInterfaceManager.set_SelectedCountryView (.CountryView value) [0x00000] in <filename unknown>:0 
  at WorldMapController.SetSelectedCountry (.CountryView cv, EOverlayState overlayState) [0x00000] in <filename unknown>:0 
  at WorldMapController.SetSelectedCountry (.CountryView cv) [0x00000] in <filename unknown>:0 
  at CHUDScreen.Default () [0x00000] in <filename unknown>:0 
  at CInterfaceManager.TargetBubbleCancel () [0x00000] in <filename unknown>:0 
  at CHUDScreen.Update () [0x00000] in <filename unknown>:0 
 
(Filename:  Line: -1)

NullReferenceException: Object reference not set to an instance of an object
  at CHUDScreen.DisplayCurrentContext () [0x00000] in <filename unknown>:0 
  at CInterfaceManager.set_SelectedCountryView (.CountryView value) [0x00000] in <filename unknown>:0 
  at WorldMapController.SetSelectedCountry (.CountryView cv, EOverlayState overlayState) [0x00000] in <filename unknown>:0 
  at WorldMapController.SetSelectedCountry (.CountryView cv) [0x00000] in <filename unknown>:0 
  at CCountrySelect.Update () [0x00000] in <filename unknown>:0 
 
(Filename:  Line: -1)

NullReferenceException: Object reference not set to an instance of an object
  at CHUDScreen.DisplayCurrentContext () [0x00000] in <filename unknown>:0 
  at CInterfaceManager.set_SelectedCountryView (.CountryView value) [0x00000] in <filename unknown>:0 
  at WorldMapController.SetSelectedCountry (.CountryView cv, EOverlayState overlayState) [0x00000] in <filename unknown>:0 
  at WorldMapController.SetSelectedCountry (.CountryView cv) [0x00000] in <filename unknown>:0 
  at CHUDScreen.Default () [0x00000] in <filename unknown>:0 
  at CInterfaceManager.TargetBubbleCancel () [0x00000] in <filename unknown>:0 
  at CHUDScreen.Update () [0x00000] in <filename unknown>:0 
 
(Filename:  Line: -1)

Parent of RectTransform is being set with parent property. Consider using the SetParent method instead, with the worldPositionStays argument set to false. This will retain local orientation and scale rather than world orientation and scale, which can prevent common UI scaling issues.
 
(Filename: /home/builduser/buildslave/unity/build/artifacts/generated/common/runtime/UnityEngineDebugBindings.gen.cpp Line: 37)

Parent of RectTransform is being set with parent property. Consider using the SetParent method instead, with the worldPositionStays argument set to false. This will retain local orientation and scale rather than world orientation and scale, which can prevent common UI scaling issues.
 
(Filename: /home/builduser/buildslave/unity/build/artifacts/generated/common/runtime/UnityEngineDebugBindings.gen.cpp Line: 37)

Parent of RectTransform is being set with parent property. Consider using the SetParent method instead, with the worldPositionStays argument set to false. This will retain local orientation and scale rather than world orientation and scale, which can prevent common UI scaling issues.
 
(Filename: /home/builduser/buildslave/unity/build/artifacts/generated/common/runtime/UnityEngineDebugBindings.gen.cpp Line: 37)

InitUIHandlers
 
(Filename: /home/builduser/buildslave/unity/build/artifacts/generated/common/runtime/UnityEngineDebugBindings.gen.cpp Line: 37)

Registering network view:SteamNetwork (INetworkView)
 
(Filename: /home/builduser/buildslave/unity/build/artifacts/generated/common/runtime/UnityEngineDebugBindings.gen.cpp Line: 37)

*******************************************SteamManager.Initialized:True
 
(Filename: /home/builduser/buildslave/unity/build/artifacts/generated/common/runtime/UnityEngineDebugBindings.gen.cpp Line: 37)

USER STATS RECEIVED CALLBACK
 
(Filename: /home/builduser/buildslave/unity/build/artifacts/generated/common/runtime/UnityEngineDebugBindings.gen.cpp Line: 37)

User stats received for :76561198005093754
 
(Filename: /home/builduser/buildslave/unity/build/artifacts/generated/common/runtime/UnityEngineDebugBindings.gen.cpp Line: 37)

Data/Languages/en Line: 1 - non-whitespace/newlines outside of tag
 
(Filename: /home/builduser/buildslave/unity/build/artifacts/generated/common/runtime/UnityEngineDebugBindings.gen.cpp Line: 37)

Data/Languages/en Line: 9 - quote outside tag - '%@ is global' : '%@ is global'
 
(Filename: /home/builduser/buildslave/unity/build/artifacts/generated/common/runtime/UnityEngineDebugBindings.gen.cpp Line: 37)

Data/Languages/en Line: 4567 - non-whitespace/newlines outside of tag
 
(Filename: /home/builduser/buildslave/unity/build/artifacts/generated/common/runtime/UnityEngineDebugBindings.gen.cpp Line: 37)

Data/Languages/en Line: 4604 - non-whitespace/newlines outside of tag
 
(Filename: /home/builduser/buildslave/unity/build/artifacts/generated/common/runtime/UnityEngineDebugBindings.gen.cpp Line: 37)

Data/Languages/en Line: 5931 - non-whitespace/newlines outside of tag
 
(Filename: /home/builduser/buildslave/unity/build/artifacts/generated/common/runtime/UnityEngineDebugBindings.gen.cpp Line: 37)

Unloading 5 Unused Serialized files (Serialized files now loaded: 1)

Unloading 33683 unused Assets to reduce memory usage. Loaded Objects now: 116901.
Total: 142.238007 ms (FindLiveObjects: 10.487000 ms CreateObjectMapping: 9.305000 ms MarkObjects: 97.236000 ms  DeleteObjects: 25.205999 ms)

Set Active: local: FPS_60 options FPS_60
 
(Filename: /home/builduser/buildslave/unity/build/artifacts/generated/common/runtime/UnityEngineDebugBindings.gen.cpp Line: 37)

Setting screen resolution for vid: 1600x900
 
(Filename: /home/builduser/buildslave/unity/build/artifacts/generated/common/runtime/UnityEngineDebugBindings.gen.cpp Line: 37)

requesting resize 1600 x 900
Using native desktop resolution 1600 x 900
requesting fullscreen 1600 x 900 at 0 Hz
Desktop is 1600 x 900 @ 60 Hz
Setting up 1 worker threads for Enlighten.
  Thread -> id: 96dfbb40 -> priority: 1 
CNetworkSteam.OnTerminate
 
(Filename: /home/builduser/buildslave/unity/build/artifacts/generated/common/runtime/UnityEngineDebugBindings.gen.cpp Line: 37)

